<?xml version="1.0" encoding="UTF-8"?>
<testsuite name="ru.stqa.selenium.MyFirstClass" tests="1" skipped="0" failures="0" errors="0" timestamp="2021-12-13T12:55:20" hostname="LAPTOP-S2D2LGSQ" time="3.667">
  <properties/>
  <testcase name="myfirstTest()" classname="ru.stqa.selenium.MyFirstClass" time="3.667"/>
  <system-out><![CDATA[]]></system-out>
  <system-err><![CDATA[SLF4J: Failed to load class "org.slf4j.impl.StaticLoggerBinder".
SLF4J: Defaulting to no-operation (NOP) logger implementation
SLF4J: See http://www.slf4j.org/codes.html#StaticLoggerBinder for further details.
Starting ChromeDriver 96.0.4664.45 (76e4c1bb2ab4671b8beba3444e61c0f17584b2fc-refs/branch-heads/4664@{#947}) on port 51651
Only local connections are allowed.
Please see https://chromedriver.chromium.org/security-considerations for suggestions on keeping ChromeDriver safe.
ChromeDriver was started successfully.
дек. 13, 2021 3:55:22 PM org.openqa.selenium.remote.ProtocolHandshake createSession
INFO: Detected dialect: W3C
дек. 13, 2021 3:55:22 PM org.openqa.selenium.devtools.CdpVersionFinder findNearestMatch
INFO: Found exact CDP implementation for version 96
]]></system-err>
</testsuite>
